Log file open, 11/08/17 02:09:55
LogInit:Display: Running engine for game: ShooterGame
LogPlatformFile: Not using cached read wrapper
LogInit:Display: RandInit(1886262972) SRandInit(1886262972).
LogTaskGraph: Started task graph with 5 named threads and 8 total threads with 1 sets of task threads.
LogStats: Stats thread started at 0.084618
LogInit: Using libcurl 7.47.1
LogInit:  - built for x86_64-pc-win32
LogInit:  - supports SSL with OpenSSL/1.0.2g
LogInit:  - supports HTTP deflate (compression) using libz 1.2.8
LogInit:  - other features:
LogInit:      CURL_VERSION_SSL
LogInit:      CURL_VERSION_LIBZ
LogInit:      CURL_VERSION_IPV6
LogInit:      CURL_VERSION_ASYNCHDNS
LogInit:      CURL_VERSION_LARGEFILE
LogInit:      CURL_VERSION_IDN
LogInit:  CurlRequestOptions (configurable via config and command line):
LogInit:  - bVerifyPeer = false  - Libcurl will NOT verify peer certificate
LogInit:  - bUseHttpProxy = false  - Libcurl will NOT use HTTP proxy
LogInit:  - bDontReuseConnections = false  - Libcurl will reuse connections
LogInit:  - CertBundlePath = nullptr  - Libcurl will use whatever was configured at build time.
LogInit: Build: ++UE4+Release-4.15-CL-3450819
LogInit: Engine Version: 4.15.3-3450819+++UE4+Release-4.15
LogInit: Compatible Engine Version: 4.15.0-3299760+++UE4+Release-4.15
LogInit: Net CL: 3299760
LogDevObjectVersion: Number of dev versions registered: 14
LogDevObjectVersion:   Dev-Blueprints (B0D832E4-1F89-4F0D-ACCF-7EB736FD4AA2): 8
LogDevObjectVersion:   Dev-Build (E1C64328-A22C-4D53-A36C-8E866417BD8C): 0
LogDevObjectVersion:   Dev-Core (375EC13C-06E4-48FB-B500-84F0262A717E): 2
LogDevObjectVersion:   Dev-Editor (E4B068ED-F494-42E9-A231-DA0B2E46BB41): 14
LogDevObjectVersion:   Dev-Framework (CFFC743F-43B0-4480-9391-14DF171D2073): 22
LogDevObjectVersion:   Dev-Mobile (B02B49B5-BB20-44E9-A304-32B752E40360): 0
LogDevObjectVersion:   Dev-Networking (A4E4105C-59A1-49B5-A7C5-40C4547EDFEE): 0
LogDevObjectVersion:   Dev-Online (39C831C9-5AE6-47DC-9A44-9C173E1C8E7C): 0
LogDevObjectVersion:   Dev-Physics (78F01B33-EBEA-4F98-B9B4-84EACCB95AA2): 0
LogDevObjectVersion:   Dev-Platform (6631380F-2D4D-43E0-8009-CF276956A95A): 0
LogDevObjectVersion:   Dev-Rendering (12F88B9F-8875-4AFC-A67C-D90C383ABD29): 12
LogDevObjectVersion:   Dev-Sequencer (7B5AE74C-D270-4C10-A958-57980B212A5A): 3
LogDevObjectVersion:   Dev-VR (D7296918-1DD6-4BDD-9DE2-64A83CC13884): 0
LogDevObjectVersion:   Dev-LoadTimes (C2A15278-BFE7-4AFE-6C17-90FF531DF755): 1
LogInit: Compiled (64-bit): May 21 2017 11:02:34
LogInit: Compiled with Visual C++: 19.00.23026.00
LogInit: Build Configuration: Development
LogInit: Branch Name: ++UE4+Release-4.15
LogInit: Command line: 
LogInit: Base directory: E:/UE4/UE_4.15/Engine/Binaries/Win64/
LogInit: Installed Engine Build: 1
LogInit: Presizing for max 8388607 objects, including 0 objects not considered by GC, pre-allocating 0 bytes for permanent pool.
LogInit: Object subsystem initialized
[2017.11.08-08.09.56:181][  0]LogInit: Selected Device Profile: [Windows]
[2017.11.08-08.09.56:181][  0]LogInit: Applying CVar settings loaded from the selected device profile: [Windows]
[2017.11.08-08.09.56:279][  0]LogInit: Computer: WINDOWS-C5RDSL2
[2017.11.08-08.09.56:279][  0]LogInit: User: dell
[2017.11.08-08.09.56:279][  0]LogInit: CPU Page size=65536, Cores=4
[2017.11.08-08.09.56:279][  0]LogInit: High frequency timer resolution =2.531249 MHz
[2017.11.08-08.09.56:279][  0]LogMemory: Memory total: Physical=15.9GB (16GB approx)
[2017.11.08-08.09.56:279][  0]LogMemory: Platform Memory Stats for Windows
[2017.11.08-08.09.56:279][  0]LogMemory: Process Physical Memory: 263.95 MB used, 263.95 MB peak
[2017.11.08-08.09.56:279][  0]LogMemory: Process Virtual Memory: 262.46 MB used, 262.46 MB peak
[2017.11.08-08.09.56:279][  0]LogMemory: Physical Memory: 4532.27 MB used,  11748.33 MB free, 16280.60 MB total
[2017.11.08-08.09.56:279][  0]LogMemory: Virtual Memory: 649.89 MB used,  11748.33 MB free, 134217728.00 MB total
[2017.11.08-08.09.56:342][  0]LogInit: Overriding culture zh-CN with editor configuration.
[2017.11.08-08.09.56:649][  0]LogTextLocalizationManager:Warning: Loaded localization resources contain conflicting entries for (Namespace:UObjectToolTips, Key:AnimNode_AssetPlayerBase:InternalTimeAccumulator):
Localization Resource: (E:/UE4/UE_4.15/Engine/Content/Localization/EditorTutorials/zh-CN/EditorTutorials.locres) Source String Hash: (502993589) Localized String: (用于引用此节点中的资源的累积时间)
Localization Resource: (E:/UE4/UE_4.15/Engine/Content/Localization/Engine/zh-CN/Engine.locres) Source String Hash: (502993589) Localized String: (引用该节点中资源所用的累计时间)
[2017.11.08-08.09.56:649][  0]LogTextLocalizationManager:Warning: Loaded localization resources contain conflicting entries for (Namespace:UObjectToolTips, Key:AnimNode_AssetPlayerBase:bIgnoreForRelevancyTest):
Localization Resource: (E:/UE4/UE_4.15/Engine/Content/Localization/EditorTutorials/zh-CN/EditorTutorials.locres) Source String Hash: (319969718) Localized String: (若为真，在状态中寻找最高权重动画的“相关动画”节点将忽视 此节点)
Localization Resource: (E:/UE4/UE_4.15/Engine/Content/Localization/Engine/zh-CN/Engine.locres) Source String Hash: (319969718) Localized String: (如果为真，那么将会忽略查找最高权重动画的"相关动画"节点。
这个节点)
[2017.11.08-08.09.56:649][  0]LogTextLocalizationManager:Warning: Loaded localization resources contain conflicting entries for (Namespace:UObjectToolTips, Key:AnimNode_AssetPlayerBase:BlendWeight):
Localization Resource: (E:/UE4/UE_4.15/Engine/Content/Localization/EditorTutorials/zh-CN/EditorTutorials.locres) Source String Hash: (-1232800293) Localized String: (此节点最后交会的混合权重)
Localization Resource: (E:/UE4/UE_4.15/Engine/Content/Localization/Engine/zh-CN/Engine.locres) Source String Hash: (-1232800293) Localized String: (该节点上一次遇到的混合权重)
[2017.11.08-08.10.00:636][  0]LogD3D11RHI: D3D11 adapters:
[2017.11.08-08.10.00:697][  0]LogD3D11RHI:    0. 'NVIDIA GeForce GTX 980M' (Feature Level 11_0)
[2017.11.08-08.10.00:697][  0]LogD3D11RHI:       8153/0/8140 MB DedicatedVideo/DedicatedSystem/SharedSystem, Outputs:1, VendorId:0x10de
[2017.11.08-08.10.00:703][  0]LogD3D11RHI:    1. 'Intel(R) HD Graphics 530' (Feature Level 11_0)
[2017.11.08-08.10.00:703][  0]LogD3D11RHI:       128/0/8140 MB DedicatedVideo/DedicatedSystem/SharedSystem, Outputs:0, VendorId:0x8086
[2017.11.08-08.10.00:706][  0]LogD3D11RHI:    2. 'Microsoft Basic Render Driver' (Feature Level 11_0)
[2017.11.08-08.10.00:706][  0]LogD3D11RHI:       0/0/8140 MB DedicatedVideo/DedicatedSystem/SharedSystem, Outputs:0, VendorId:0x1414
[2017.11.08-08.10.00:706][  0]LogD3D11RHI: Chosen D3D11 Adapter: 0
[2017.11.08-08.10.00:711][  0]LogD3D11RHI: Creating new Direct3DDevice
[2017.11.08-08.10.00:712][  0]LogD3D11RHI:     GPU DeviceId: 0x13d7 (for the marketing name, search the web for "GPU Device Id")
[2017.11.08-08.10.00:712][  0]LogWindows: EnumDisplayDevices:
[2017.11.08-08.10.00:712][  0]LogWindows:    0. 'Intel(R) HD Graphics 530' (P:1 D:1)
[2017.11.08-08.10.00:712][  0]LogWindows:    1. 'Intel(R) HD Graphics 530' (P:0 D:0)
[2017.11.08-08.10.00:712][  0]LogWindows:    2. 'Intel(R) HD Graphics 530' (P:0 D:0)
[2017.11.08-08.10.00:713][  0]LogWindows:    3. 'NVIDIA GeForce GTX 980M' (P:0 D:0)
[2017.11.08-08.10.00:713][  0]LogWindows: DebugString: PrimaryIsNotTheChoosenAdapter PrimaryIsNotTheChoosenAdapter PrimaryIsNotTheChoosenAdapter 
[2017.11.08-08.10.00:713][  0]LogD3D11RHI:     Adapter Name: NVIDIA GeForce GTX 980M
[2017.11.08-08.10.00:713][  0]LogD3D11RHI:   Driver Version: 382.05 (internal:22.21.13.8205, unified:382.05)
[2017.11.08-08.10.00:713][  0]LogD3D11RHI:      Driver Date: 5-1-2017
[2017.11.08-08.10.00:713][  0]LogRHI: Texture pool is 1361 MB (70% of 1945 MB)
[2017.11.08-08.10.00:753][  0]LogD3D11RHI: Async texture creation enabled
[2017.11.08-08.10.00:765][  0]LogD3D11RHI: GPU Timing Frequency: 1000.000000 (Debug: 2 1)
[2017.11.08-08.10.00:766][  0]LogShaderCompilers: Guid format shader working directory is 16 characters bigger than the processId version (../../../../../B/ShooterGame/Intermediate/Shaders/WorkingDirectory/13772/).
[2017.11.08-08.10.00:766][  0]LogShaderCompilers: Cleaned the shader compiler working directory 'C:/Users/dell/AppData/Local/Temp/UnrealShaderWorkingDir/D7ADEF1549D689FC7472F8AF4E886226/'.
[2017.11.08-08.10.00:766][  0]LogShaderCompilers:Display: Using Local Shader Compiler.
[2017.11.08-08.10.04:751][  0]LogTemp:Display: Loaded TP AllDesktopTargetPlatform
[2017.11.08-08.10.04:796][  0]LogTemp:Display: Loaded TP MacClientTargetPlatform
[2017.11.08-08.10.04:840][  0]LogTemp:Display: Loaded TP MacNoEditorTargetPlatform
[2017.11.08-08.10.04:884][  0]LogTemp:Display: Loaded TP MacServerTargetPlatform
[2017.11.08-08.10.04:953][  0]LogTemp:Display: Loaded TP MacTargetPlatform
[2017.11.08-08.10.04:998][  0]LogTemp:Display: Loaded TP WindowsClientTargetPlatform
[2017.11.08-08.10.05:043][  0]LogTemp:Display: Loaded TP WindowsNoEditorTargetPlatform
[2017.11.08-08.10.05:090][  0]LogTemp:Display: Loaded TP WindowsServerTargetPlatform
[2017.11.08-08.10.05:123][  0]LogTemp:Display: Loaded TP WindowsTargetPlatform
[2017.11.08-08.10.05:183][  0]LogTemp:Display: Loaded TP AndroidTargetPlatform
[2017.11.08-08.10.05:228][  0]LogTemp:Display: Loaded TP Android_ASTCTargetPlatform
[2017.11.08-08.10.05:271][  0]LogTemp:Display: Loaded TP Android_ATCTargetPlatform
[2017.11.08-08.10.05:322][  0]LogTemp:Display: Loaded TP Android_DXTTargetPlatform
[2017.11.08-08.10.05:367][  0]LogTemp:Display: Loaded TP Android_ETC1TargetPlatform
[2017.11.08-08.10.05:413][  0]LogTemp:Display: Loaded TP Android_ETC2TargetPlatform
[2017.11.08-08.10.05:506][  0]LogTemp:Display: Loaded TP Android_MultiTargetPlatform
[2017.11.08-08.10.05:506][  0]LogTemp:Display: Loaded TP Android_PVRTCTargetPlatform
[2017.11.08-08.10.05:538][  0]LogTemp:Display: Loaded TP HTML5TargetPlatform
[2017.11.08-08.10.05:644][  0]LogTemp:Display: Loaded TP IOSTargetPlatform
[2017.11.08-08.10.05:674][  0]LogTemp:Display: Loaded TP TVOSTargetPlatform
[2017.11.08-08.10.05:719][  0]LogTemp:Display: Loaded TP LinuxClientTargetPlatform
[2017.11.08-08.10.05:762][  0]LogTemp:Display: Loaded TP LinuxNoEditorTargetPlatform
[2017.11.08-08.10.05:806][  0]LogTemp:Display: Loaded TP LinuxServerTargetPlatform
[2017.11.08-08.10.05:877][  0]LogTemp:Display: Loaded TP LinuxTargetPlatform
[2017.11.08-08.10.05:877][  0]LogTargetPlatformManager:Display: Building Assets For Windows
[2017.11.08-08.10.06:268][  0]LogDerivedDataCache:Display: Max Cache Size: 512 MB
[2017.11.08-08.10.06:322][  0]LogDerivedDataCache: Loaded boot cache 0.05s 55MB C:/Users/dell/AppData/Local/UnrealEngine/4.15/DerivedDataCache/Boot.ddc.
[2017.11.08-08.10.06:323][  0]LogDerivedDataCache:Display: Loaded Boot cache: C:/Users/dell/AppData/Local/UnrealEngine/4.15/DerivedDataCache/Boot.ddc
[2017.11.08-08.10.06:323][  0]LogDerivedDataCache: FDerivedDataBackendGraph:  Pak pak cache file ../../../../../B/ShooterGame/DerivedDataCache/DDC.ddp not found, will not use a pak cache.
[2017.11.08-08.10.06:323][  0]LogDerivedDataCache: Unable to find inner node Pak for hierarchical cache Hierarchy.
[2017.11.08-08.10.06:323][  0]LogDerivedDataCache: FDerivedDataBackendGraph:  CompressedPak pak cache file ../../../../../B/ShooterGame/DerivedDataCache/Compressed.ddp not found, will not use a pak cache.
[2017.11.08-08.10.06:323][  0]LogDerivedDataCache: Unable to find inner node CompressedPak for hierarchical cache Hierarchy.
[2017.11.08-08.10.06:339][  0]LogDerivedDataCache:Display: Pak cache opened for reading ../../../Engine/DerivedDataCache/Compressed.ddp.
[2017.11.08-08.10.06:353][  0]LogDerivedDataCache: Using Local data cache path C:/Users/dell/AppData/Local/UnrealEngine/Common/DerivedDataCache: Writable
[2017.11.08-08.10.06:362][  0]LogSlate: Using Freetype 2.6.0
[2017.11.08-08.10.06:392][  0]LogSlate: SlateFontCache - WITH_FREETYPE: 1, WITH_HARFBUZZ: 1
[2017.11.08-08.10.06:392][  0]LogSlate: SlateFontCache - WITH_FREETYPE: 1, WITH_HARFBUZZ: 1
[2017.11.08-08.10.06:986][  0]LogInit: Selected Device Profile: [Windows]
[2017.11.08-08.10.06:989][  0]LogContentStreaming: Texture pool size is 0.00 MB
[2017.11.08-08.10.07:167][  0]LogMeshUtilities: Using QuadricMeshReduction for automatic static mesh reduction
[2017.11.08-08.10.07:199][  0]LogSimplygon: Simplygon DLL not present - disabling.
[2017.11.08-08.10.07:236][  0]LogMeshUtilities: Using SimplygonSwarm for distributed automatic mesh merging
[2017.11.08-08.10.07:236][  0]LogMeshUtilities: No automatic skeletal mesh reduction module available
[2017.11.08-08.10.07:236][  0]LogMeshUtilities: No automatic mesh merging module available
[2017.11.08-08.10.07:952][  0]LogNetVersion: GetLocalNetworkVersion: CL: 3299760, ProjectName: shootergame, ProjectVersion: , EngineNetworkVersion: 2, GameNetworkVersion: 0, NetworkChecksum: 1120282518
[2017.11.08-08.10.07:996][  0]LogAssetRegistry: FAssetRegistry took 0.0220 seconds to start up
[2017.11.08-08.10.08:095][  0]LogPackageLocalizationCache: Processed 3 localized package path(s) for 4 prioritized culture(s) in 0.082222 seconds
[2017.11.08-08.10.08:101][  0]LogUObjectArray: 32493 objects as part of root set at end of initial load.
[2017.11.08-08.10.08:101][  0]LogUObjectAllocator: 7077032 out of 0 bytes used by permanent object pool.
[2017.11.08-08.10.08:101][  0]LogUObjectArray: CloseDisregardForGC: 0/0 objects in disregard for GC pool
[2017.11.08-08.10.08:146][  0]LogInit: WinSock: version 1.1 (2.2), MaxSocks=32767, MaxUdp=65467
[2017.11.08-08.10.39:149][  0]LogTcpMessaging: Initializing TcpMessaging bridge
[2017.11.08-08.10.39:208][  0]LogUdpMessaging: Initializing bridge on interface 0.0.0.0:0 to multicast group 230.0.0.1:6666.
[2017.11.08-08.10.39:958][  0]LogMaterial: Uniform references updated for custom material expression Custom.
[2017.11.08-08.10.40:297][  0]SourceControl: 信息 源码控制已禁用
[2017.11.08-08.10.40:349][  0]SourceControl: 信息 源码控制已禁用
[2017.11.08-08.10.40:393][  0]SourceControl: 信息 源码控制已禁用
[2017.11.08-08.10.40:429][  0]SourceControl: 信息 源码控制已禁用
[2017.11.08-08.10.41:792][  0]LogEngine: Initializing Engine...
[2017.11.08-08.10.41:979][  0]LogHMD: Failed to initialize OpenVR with code 126
[2017.11.08-08.10.42:114][  0]LogStats: UGameplayTagsManager::ConstructGameplayTagTree: Construct from data asset -  0.000 s
[2017.11.08-08.10.42:114][  0]LogStats: UGameplayTagsManager::ConstructGameplayTagTree: GameplayTagTreeChangedEvent.Broadcast -  0.000 s
[2017.11.08-08.10.42:218][  0]LogAIModule: Creating AISystem for world Untitled
[2017.11.08-08.10.42:230][  0]LogInit: XAudio2 using 'Speakers (Sound Blaster Recon3Di)' : 2 channels at 48 kHz using 32 bits per sample (channel mask 0x3)
[2017.11.08-08.10.42:247][  0]LogInit: FAudioDevice initialized.
[2017.11.08-08.10.42:282][  0]LogDerivedDataCache: Saved boot cache 0.03s 55MB C:/Users/dell/AppData/Local/UnrealEngine/4.15/DerivedDataCache/Boot.ddc.
[2017.11.08-08.10.42:291][  0]LogInit: Texture streaming: Enabled
[2017.11.08-08.10.42:358][  0]LogEngineSessionManager: EngineSessionManager initialized
[2017.11.08-08.10.42:439][  0]LogInit: Transaction tracking system initialized
[2017.11.08-08.10.42:732][  0]BlueprintLog: New page: 编辑器加载
[2017.11.08-08.10.43:862][  0]LocalizationService: 信息 本地化服务已被禁用
[2017.11.08-08.10.45:190][  0]LogConsoleResponse:Display: 
[2017.11.08-08.10.45:470][  0]LogFileCache: Scanning file cache for directory 'E:/B/ShooterGame/Content/' took 0.01s
[2017.11.08-08.10.45:470][  0]LogCook:Display: Max memory allowance for cook 16384mb min free memory 0mb
[2017.11.08-08.10.45:470][  0]LogCook:Display: Mobile HDR setting 1
[2017.11.08-08.10.46:907][  0]SourceControl: 信息 源码控制已禁用
[2017.11.08-08.10.46:907][  0]Cmd: MAP LOAD FILE="../../../Engine/Content/Maps/Templates/Template_Default.umap" TEMPLATE=1 SHOWPROGRESS=1 FEATURELEVEL=3
[2017.11.08-08.10.46:907][  0]LightingResults: New page: 光照构建
[2017.11.08-08.10.46:939][  0]MapCheck: New page: 地图检测
[2017.11.08-08.10.46:939][  0]LightingResults: New page: 光照构建
[2017.11.08-08.10.47:142][  0]LogAIModule: Creating AISystem for world Untitled_1
[2017.11.08-08.10.47:161][  0]LogActorComponent: RegisterComponentWithWorld: (/Temp/Untitled_1.Untitled_1:PersistentLevel.WorldSettings_1.StaticMeshComponent0) Trying to register component with IsPendingKill() == true. Aborting.
[2017.11.08-08.10.47:165][  0]LogEditorServer: Finished looking for orphan Actors (0.000 secs)
[2017.11.08-08.10.47:169][  0]Cmd: MAP CHECKDEP NOCLEARLOG
[2017.11.08-08.10.47:201][  0]MapCheck: 信息 地图检测完成：0个错误，0 个警告，用时32.115毫秒完成。
[2017.11.08-08.10.47:201][  0]LogFileHelpers: Loading map 'Template_Default' took 0.294
[2017.11.08-08.10.47:462][  0]LogCollectionManager: Loaded 0 collections in 0.001354 seconds
[2017.11.08-08.10.47:563][  0]LogFileCache: Scanning file cache for directory 'E:/B/ShooterGame/Saved/Collections/' took 0.01s
[2017.11.08-08.10.47:563][  0]LogFileCache: Scanning file cache for directory 'E:/B/ShooterGame/Content/Developers/dell/Collections/' took 0.01s
[2017.11.08-08.10.47:563][  0]LogFileCache: Scanning file cache for directory 'E:/B/ShooterGame/Content/Collections/' took 0.01s
[2017.11.08-08.10.47:563][  0]LogCollectionManager: Rebuilt the GUID cache for 0 collections in 0.000002 seconds
[2017.11.08-08.10.47:573][  0]LogContentBrowser: Native class hierarchy populated in 0.0096 seconds. Added 2246 classes and 455 folders.
[2017.11.08-08.10.47:626][  0]LogContentBrowser: Native class hierarchy updated for 'WidgetCarousel' in 0.0013 seconds. Added 0 classes and 0 folders.
[2017.11.08-08.10.48:945][  0]LogContentBrowser: Native class hierarchy updated for 'AddContentDialog' in 0.0013 seconds. Added 0 classes and 0 folders.
[2017.11.08-08.10.48:982][  0]LogContentBrowser: Native class hierarchy updated for 'SceneOutliner' in 0.0014 seconds. Added 1 classes and 2 folders.
[2017.11.08-08.10.49:076][  0]LogCrashTracker: Crashtracker disabled due to settings.
[2017.11.08-08.10.49:084][  0]LogUObjectGlobals:Warning: 寻找对象'Class 无.'失败
[2017.11.08-08.10.49:147][  0]LogContentBrowser: Native class hierarchy updated for 'HierarchicalLODOutliner' in 0.0013 seconds. Added 1 classes and 2 folders.
[2017.11.08-08.10.49:147][  0]LogLoad: (Engine Initialization) Total time: 57.66 seconds
[2017.11.08-08.10.49:147][  0]LogLoad: (Engine Initialization) Total Blueprint compile time: 0.26 seconds
[2017.11.08-08.10.49:147][  0]LogExternalProfiler: Found external profiler: VSPerf
[2017.11.08-08.10.49:147][  0]LogExternalProfiler: Using external profiler: VSPerf
[2017.11.08-08.10.49:168][  0]LogOcInput: OculusInput pre-init called
[2017.11.08-08.10.49:229][  0]LogContentStreaming: Texture pool size now 1000 MB
[2017.11.08-08.10.49:230][  0]LogSlate: Took 0.000238 seconds to synchronously load lazily loaded font '../../../Engine/Content/Slate/Fonts/Roboto-Regular.ttf' (155K)
[2017.11.08-08.10.49:235][  0]LogSlate: Took 0.002566 seconds to synchronously load lazily loaded font '../../../Engine/Content/Slate/Fonts/DroidSansFallback.ttf' (3848K)
[2017.11.08-08.10.49:237][  0]LogSlate: Took 0.000209 seconds to synchronously load lazily loaded font '../../../Engine/Content/Slate/Fonts/Roboto-Bold.ttf' (160K)
[2017.11.08-08.10.49:256][  0]LogSlate: Took 0.013494 seconds to synchronously load lazily loaded font '../../../Engine/Content/Editor/Slate/Fonts/FontAwesome.ttf' (139K)
[2017.11.08-08.10.49:528][  0]LogRenderer: Reallocating scene render targets to support 916x576 NumSamples 1 (Frame:2).
[2017.11.08-08.10.50:691][ 60]LogAssetRegistry: Asset discovery search completed in 42.7173 seconds
[2017.11.08-08.10.50:691][ 60]LogCollectionManager: Rebuilt the object cache for 0 collections in 0.000005 seconds (found 0 objects)
[2017.11.08-08.10.50:691][ 60]LogCollectionManager: Fixed up redirectors for 0 collections in 0.000023 seconds (updated 0 objects)
[2017.11.08-08.16.17:951][584]LogWindowsTextInputMethodSystem:Display: IME system now activated using TSF (Microsoft Pinyin).
[2017.11.08-08.16.18:138][585]Cmd: QUIT_EDITOR
[2017.11.08-08.16.18:196][585]LogExit: Preparing to exit.
[2017.11.08-08.16.18:421][585]LogDirectoryWatcher: A directory notification for 'E:/B/ShooterGame/Content/' was aborted.
[2017.11.08-08.16.18:489][585]LogExit: Editor shut down
[2017.11.08-08.16.18:489][585]LogExit: Transaction tracking system shut down
[2017.11.08-08.16.18:538][585]LogObj: Freed 0b from 0 cluster array pools.
[2017.11.08-08.16.18:538][585]LogExit: Object subsystem successfully closed.
[2017.11.08-08.16.18:558][585]LogD3D11RHI: Shutdown
[2017.11.08-08.16.18:559][585]LogD3D11RHI: CleanupD3DDevice
[2017.11.08-08.16.18:623][585]LogD3D11RHI: ~FD3D11DynamicRHI
[2017.11.08-08.16.18:636][585]LogModuleManager: Shutting down and abandoning module HierarchicalLODOutliner (500)
[2017.11.08-08.16.18:636][585]LogModuleManager: Shutting down and abandoning module CrashTracker (498)
[2017.11.08-08.16.18:636][585]LogModuleManager: Shutting down and abandoning module SceneOutliner (496)
[2017.11.08-08.16.18:636][585]LogModuleManager: Shutting down and abandoning module AddContentDialog (494)
[2017.11.08-08.16.18:636][585]LogDirectoryWatcher: A directory notification for 'E:/UE4/UE_4.15/FeaturePacks/' was aborted.
[2017.11.08-08.16.18:637][585]LogModuleManager: Shutting down and abandoning module WidgetCarousel (493)
[2017.11.08-08.16.18:637][585]LogModuleManager: Shutting down and abandoning module EditorWidgets (490)
[2017.11.08-08.16.18:637][585]LogModuleManager: Shutting down and abandoning module CollectionManager (488)
[2017.11.08-08.16.18:637][585]LogDirectoryWatcher: A directory notification for 'E:/B/ShooterGame/Content/Collections/' was aborted.
[2017.11.08-08.16.18:637][585]LogDirectoryWatcher: A directory notification for 'E:/B/ShooterGame/Content/Developers/dell/Collections/' was aborted.
[2017.11.08-08.16.18:637][585]LogDirectoryWatcher: A directory notification for 'E:/B/ShooterGame/Saved/Collections/' was aborted.
[2017.11.08-08.16.18:637][585]LogModuleManager: Shutting down and abandoning module StatsViewer (486)
[2017.11.08-08.16.18:637][585]LogModuleManager: Shutting down and abandoning module FoliageEdit (484)
[2017.11.08-08.16.18:637][585]LogModuleManager: Shutting down and abandoning module LandscapeEditor (482)
[2017.11.08-08.16.18:637][585]LogModuleManager: Shutting down and abandoning module SceneDepthPickerMode (480)
[2017.11.08-08.16.18:637][585]LogModuleManager: Shutting down and abandoning module ActorPickerMode (478)
[2017.11.08-08.16.18:637][585]LogModuleManager: Shutting down and abandoning module GeometryMode (476)
[2017.11.08-08.16.18:637][585]LogModuleManager: Shutting down and abandoning module TextureAlignMode (474)
[2017.11.08-08.16.18:637][585]LogModuleManager: Shutting down and abandoning module BspMode (472)
[2017.11.08-08.16.18:637][585]LogModuleManager: Shutting down and abandoning module HardwareSurvey (470)
[2017.11.08-08.16.18:637][585]LogModuleManager: Shutting down and abandoning module SequenceRecorderSections (468)
[2017.11.08-08.16.18:637][585]LogModuleManager: Shutting down and abandoning module AutomationWorker (466)
[2017.11.08-08.16.18:637][585]LogModuleManager: Shutting down and abandoning module MatineeToLevelSequence (464)
[2017.11.08-08.16.18:637][585]LogModuleManager: Shutting down and abandoning module LevelSequenceEditor (462)
[2017.11.08-08.16.18:637][585]LogModuleManager: Shutting down and abandoning module PlacementMode (461)
[2017.11.08-08.16.18:638][585]LogModuleManager: Shutting down and abandoning module WmfMediaFactory (458)
[2017.11.08-08.16.18:638][585]LogModuleManager: Shutting down and abandoning module WmfMediaEditor (456)
[2017.11.08-08.16.18:638][585]LogModuleManager: Shutting down and abandoning module MfMediaFactory (454)
[2017.11.08-08.16.18:638][585]LogModuleManager: Shutting down and abandoning module MfMediaEditor (452)
[2017.11.08-08.16.18:638][585]LogModuleManager: Shutting down and abandoning module AvfMediaFactory (450)
[2017.11.08-08.16.18:638][585]LogModuleManager: Shutting down and abandoning module AvfMediaEditor (448)
[2017.11.08-08.16.18:638][585]LogModuleManager: Shutting down and abandoning module AndroidMediaFactory (446)
[2017.11.08-08.16.18:638][585]LogModuleManager: Shutting down and abandoning module Media (445)
[2017.11.08-08.16.18:638][585]LogModuleManager: Shutting down and abandoning module AndroidMediaEditor (442)
[2017.11.08-08.16.18:638][585]LogModuleManager: Shutting down and abandoning module CharacterAI (440)
[2017.11.08-08.16.18:638][585]LogModuleManager: Shutting down and abandoning module AudioCapture (438)
[2017.11.08-08.16.18:638][585]LogModuleManager: Shutting down and abandoning module SequenceRecorder (437)
[2017.11.08-08.16.18:638][585]LogModuleManager: Shutting down and abandoning module SmartSnapping (434)
[2017.11.08-08.16.18:638][585]LogModuleManager: Shutting down and abandoning module SessionServices (432)
[2017.11.08-08.16.18:638][585]LogModuleManager: Shutting down and abandoning module ViewportSnapping (430)
[2017.11.08-08.16.18:638][585]LogModuleManager: Shutting down and abandoning module ViewportInteraction (428)
[2017.11.08-08.16.18:638][585]LogModuleManager: Shutting down and abandoning module LogVisualizer (426)
[2017.11.08-08.16.18:638][585]LogModuleManager: Shutting down and abandoning module IntroTutorials (424)
[2017.11.08-08.16.18:638][585]LogModuleManager: Shutting down and abandoning module GameProjectGeneration (423)
[2017.11.08-08.16.18:638][585]LogModuleManager: Shutting down and abandoning module EditorLiveStreaming (420)
[2017.11.08-08.16.18:638][585]LogModuleManager: Shutting down and abandoning module IOSPlatformEditor (418)
[2017.11.08-08.16.18:638][585]LogModuleManager: Shutting down and abandoning module HTML5PlatformEditor (416)
[2017.11.08-08.16.18:638][585]LogModuleManager: Shutting down and abandoning module AndroidPlatformEditor (414)
[2017.11.08-08.16.18:638][585]LogModuleManager: Shutting down and abandoning module AndroidDeviceDetection (413)
[2017.11.08-08.16.19:538][585]LogModuleManager: Shutting down and abandoning module IOSRuntimeSettings (410)
[2017.11.08-08.16.19:538][585]LogModuleManager: Shutting down and abandoning module AndroidRuntimeSettings (408)
[2017.11.08-08.16.19:538][585]LogModuleManager: Shutting down and abandoning module InputBindingEditor (406)
[2017.11.08-08.16.19:538][585]LogModuleManager: Shutting down and abandoning module NiagaraEditor (404)
[2017.11.08-08.16.19:538][585]LogModuleManager: Shutting down and abandoning module MergeActors (402)
[2017.11.08-08.16.19:538][585]LogModuleManager: Shutting down and abandoning module SizeMap (400)
[2017.11.08-08.16.19:538][585]LogModuleManager: Shutting down and abandoning module TreeMap (398)
[2017.11.08-08.16.19:538][585]LogModuleManager: Shutting down and abandoning module ReferenceViewer (396)
[2017.11.08-08.16.19:538][585]LogModuleManager: Shutting down and abandoning module LocalizationDashboard (394)
[2017.11.08-08.16.19:538][585]LogModuleManager: Shutting down and abandoning module LocalizationService (393)
[2017.11.08-08.16.19:538][585]LogModuleManager: Shutting down and abandoning module HardwareTargeting (390)
[2017.11.08-08.16.19:538][585]LogModuleManager: Shutting down and abandoning module DeviceProfileEditor (388)
[2017.11.08-08.16.19:538][585]LogModuleManager: Shutting down and abandoning module UndoHistory (386)
[2017.11.08-08.16.19:538][585]LogModuleManager: Shutting down and abandoning module UserFeedback (384)
[2017.11.08-08.16.19:538][585]LogModuleManager: Shutting down and abandoning module XmlParser (382)
[2017.11.08-08.16.19:538][585]LogModuleManager: Shutting down and abandoning module Blutility (380)
[2017.11.08-08.16.19:538][585]LogModuleManager: Shutting down and abandoning module ProjectSettingsViewer (378)
[2017.11.08-08.16.19:538][585]LogModuleManager: Shutting down and abandoning module ProjectTargetPlatformEditor (377)
[2017.11.08-08.16.19:539][585]LogModuleManager: Shutting down and abandoning module EditorSettingsViewer (374)
[2017.11.08-08.16.19:539][585]LogModuleManager: Shutting down and abandoning module SettingsEditor (372)
[2017.11.08-08.16.19:539][585]LogModuleManager: Shutting down and abandoning module ProjectLauncher (370)
[2017.11.08-08.16.19:539][585]LogModuleManager: Shutting down and abandoning module SessionFrontend (368)
[2017.11.08-08.16.19:539][585]LogModuleManager: Shutting down and abandoning module ProfilerClient (366)
[2017.11.08-08.16.19:539][585]LogModuleManager: Shutting down and abandoning module DeviceManager (364)
[2017.11.08-08.16.19:539][585]LogModuleManager: Shutting down and abandoning module TargetDeviceServices (363)
[2017.11.08-08.16.19:580][585]LogModuleManager: Shutting down and abandoning module AutomationController (360)
[2017.11.08-08.16.19:580][585]LogModuleManager: Shutting down and abandoning module AutomationWindow (358)
[2017.11.08-08.16.19:580][585]LogModuleManager: Shutting down and abandoning module Layers (356)
[2017.11.08-08.16.19:580][585]LogModuleManager: Shutting down and abandoning module ComponentVisualizers (354)
[2017.11.08-08.16.19:580][585]LogModuleManager: Shutting down and abandoning module DetailCustomizations (352)
[2017.11.08-08.16.19:580][585]LogModuleManager: Shutting down and abandoning module PackagesDialog (350)
[2017.11.08-08.16.19:580][585]LogModuleManager: Shutting down and abandoning module Persona (348)
[2017.11.08-08.16.19:580][585]LogModuleManager: Shutting down and abandoning module AnimGraph (347)
[2017.11.08-08.16.19:581][585]LogModuleManager: Shutting down and abandoning module Kismet (344)
[2017.11.08-08.16.19:581][585]LogModuleManager: Shutting down and abandoning module GraphEditor (342)
[2017.11.08-08.16.19:581][585]LogModuleManager: Shutting down and abandoning module ClassViewer (340)
[2017.11.08-08.16.19:581][585]LogModuleManager: Shutting down and abandoning module Toolbox (338)
[2017.11.08-08.16.19:581][585]LogModuleManager: Shutting down and abandoning module ModuleUI (336)
[2017.11.08-08.16.19:581][585]LogModuleManager: Shutting down and abandoning module MovieSceneTools (334)
[2017.11.08-08.16.19:581][585]LogModuleManager: Shutting down and abandoning module OutputLog (332)
[2017.11.08-08.16.19:581][585]LogModuleManager: Shutting down and abandoning module GammaUI (330)
[2017.11.08-08.16.19:581][585]LogModuleManager: Shutting down and abandoning module Documentation (328)
[2017.11.08-08.16.19:581][585]LogModuleManager: Shutting down and abandoning module Niagara (326)
[2017.11.08-08.16.19:581][585]LogModuleManager: Shutting down and abandoning module StreamingPauseRendering (324)
[2017.11.08-08.16.19:581][585]LogModuleManager: Shutting down and abandoning module AnalyticsET (322)
[2017.11.08-08.16.19:581][585]LogModuleManager: Shutting down and abandoning module PortalServices (320)
[2017.11.08-08.16.19:581][585]LogModuleManager: Shutting down and abandoning module PortalRpc (318)
[2017.11.08-08.16.19:581][585]LogModuleManager: Shutting down and abandoning module MessagingRpc (316)
[2017.11.08-08.16.19:581][585]LogModuleManager: Shutting down and abandoning module AIModule (314)
[2017.11.08-08.16.19:581][585]LogModuleManager: Shutting down and abandoning module GameplayDebugger (313)
[2017.11.08-08.16.19:581][585]LogModuleManager: Shutting down and abandoning module AITestSuite (311)
[2017.11.08-08.16.19:581][585]LogModuleManager: Shutting down and abandoning module ProfilerService (308)
[2017.11.08-08.16.19:595][585]LogModuleManager: Shutting down and abandoning module TaskGraph (306)
[2017.11.08-08.16.19:595][585]LogModuleManager: Shutting down and abandoning module SteamVRController (304)
[2017.11.08-08.16.19:595][585]LogModuleManager: Shutting down and abandoning module SteamVR (302)
[2017.11.08-08.16.19:595][585]LogModuleManager: Shutting down and abandoning module ProceduralMeshComponentEditor (300)
[2017.11.08-08.16.19:595][585]LogModuleManager: Shutting down and abandoning module ProceduralMeshComponent (298)
[2017.11.08-08.16.19:595][585]LogModuleManager: Shutting down and abandoning module OculusLibrary (296)
[2017.11.08-08.16.19:595][585]LogModuleManager: Shutting down and abandoning module OculusInput (294)
[2017.11.08-08.16.19:595][585]LogModuleManager: Shutting down and abandoning module MobilePatchingUtils (292)
[2017.11.08-08.16.19:595][585]LogModuleManager: Shutting down and abandoning module CustomMeshComponent (290)
[2017.11.08-08.16.19:595][585]LogModuleManager: Shutting down and abandoning module CableComponent (288)
[2017.11.08-08.16.19:595][585]LogModuleManager: Shutting down and abandoning module ArchVisCharacter (286)
[2017.11.08-08.16.19:595][585]LogModuleManager: Shutting down and abandoning module MediaPlayerEditor (282)
[2017.11.08-08.16.19:595][585]LogModuleManager: Shutting down and abandoning module HTML5Networking (280)
[2017.11.08-08.16.19:595][585]LogModuleManager: Shutting down and abandoning module AlembicImporter (278)
[2017.11.08-08.16.19:595][585]LogModuleManager: Shutting down and abandoning module AlembicLibrary (277)
[2017.11.08-08.16.19:595][585]LogModuleManager: Shutting down and abandoning module GeometryCache (276)
[2017.11.08-08.16.19:595][585]LogModuleManager: Shutting down and abandoning module GeometryCacheEd (275)
[2017.11.08-08.16.19:595][585]LogModuleManager: Shutting down and abandoning module SuperSearchEditor (270)
[2017.11.08-08.16.19:595][585]LogModuleManager: Shutting down and abandoning module SuperSearch (269)
[2017.11.08-08.16.19:595][585]LogModuleManager: Shutting down and abandoning module SpeedTreeImporter (266)
[2017.11.08-08.16.19:595][585]LogModuleManager: Shutting down and abandoning module PluginBrowser (264)
[2017.11.08-08.16.19:595][585]LogModuleManager: Shutting down and abandoning module MobileLauncherProfileWizard (262)
[2017.11.08-08.16.19:595][585]LogModuleManager: Shutting down and abandoning module EpicSurvey (260)
[2017.11.08-08.16.19:595][585]LogModuleManager: Shutting down and abandoning module VisualStudioSourceCodeAccess (258)
[2017.11.08-08.16.19:595][585]LogModuleManager: Shutting down and abandoning module DesktopPlatform (257)
[2017.11.08-08.16.19:595][585]LogModuleManager: Shutting down and abandoning module UObjectPlugin (254)
[2017.11.08-08.16.19:595][585]LogModuleManager: Shutting down and abandoning module SubversionSourceControl (252)
[2017.11.08-08.16.19:595][585]LogModuleManager: Shutting down and abandoning module PerforceSourceControl (250)
[2017.11.08-08.16.19:595][585]LogModuleManager: Shutting down and abandoning module GitSourceControl (248)
[2017.11.08-08.16.19:595][585]LogModuleManager: Shutting down and abandoning module SourceControl (247)
[2017.11.08-08.16.19:595][585]LogModuleManager: Shutting down and abandoning module LightPropagationVolumeEditor (244)
[2017.11.08-08.16.19:596][585]LogModuleManager: Shutting down and abandoning module PaperTiledImporter (242)
[2017.11.08-08.16.19:596][585]LogModuleManager: Shutting down and abandoning module PaperSpriteSheetImporter (240)
[2017.11.08-08.16.19:596][585]LogModuleManager: Shutting down and abandoning module Paper2DEditor (238)
[2017.11.08-08.16.19:596][585]LogModuleManager: Shutting down and abandoning module MeshPaint (237)
[2017.11.08-08.16.19:596][585]LogModuleManager: Shutting down and abandoning module LevelEditor (235)
[2017.11.08-08.16.19:596][585]LogModuleManager: Shutting down and abandoning module PixelInspectorModule (234)
[2017.11.08-08.16.19:596][585]LogModuleManager: Shutting down and abandoning module MainFrame (232)
[2017.11.08-08.16.19:597][585]LogModuleManager: Shutting down and abandoning module HotReload (231)
[2017.11.08-08.16.19:597][585]LogDirectoryWatcher: A directory notification for 'E:/B/ShooterGame/Binaries/Win64' was aborted.
[2017.11.08-08.16.19:597][585]LogModuleManager: Shutting down and abandoning module ContentBrowser (227)
[2017.11.08-08.16.19:598][585]LogModuleManager: Shutting down and abandoning module ShooterGame (224)
[2017.11.08-08.16.19:598][585]LogModuleManager: Shutting down and abandoning module PhysXVehiclesEditor (222)
[2017.11.08-08.16.19:598][585]LogModuleManager: Shutting down and abandoning module PhysXVehicles (220)
[2017.11.08-08.16.19:598][585]LogModuleManager: Shutting down and abandoning module LocationServicesBPLibrary (218)
[2017.11.08-08.16.19:598][585]LogModuleManager: Shutting down and abandoning module UdpMessaging (216)
[2017.11.08-08.16.19:698][585]LogModuleManager: Shutting down and abandoning module TcpMessaging (214)
[2017.11.08-08.16.19:799][585]LogModuleManager: Shutting down and abandoning module GameplayTagsEditor (212)
[2017.11.08-08.16.19:799][585]LogModuleManager: Shutting down and abandoning module FacialAnimationEditor (210)
[2017.11.08-08.16.19:799][585]LogModuleManager: Shutting down and abandoning module FacialAnimation (208)
[2017.11.08-08.16.19:799][585]LogModuleManager: Shutting down and abandoning module LightPropagationVolumeRuntime (206)
[2017.11.08-08.16.19:799][585]LogModuleManager: Shutting down and abandoning module Paper2D (204)
[2017.11.08-08.16.19:799][585]LogModuleManager: Shutting down and abandoning module WindowsMoviePlayer (202)
[2017.11.08-08.16.19:799][585]LogModuleManager: Shutting down and abandoning module WmfMedia (200)
[2017.11.08-08.16.19:799][585]LogModuleManager: Shutting down and abandoning module MfMedia (198)
[2017.11.08-08.16.19:799][585]LogModuleManager: Shutting down and abandoning module MediaAssets (196)
[2017.11.08-08.16.19:799][585]LogModuleManager: Shutting down and abandoning module GameLiveStreaming (194)
[2017.11.08-08.16.19:799][585]LogModuleManager: Shutting down and abandoning module VREditor (192)
[2017.11.08-08.16.19:799][585]LogModuleManager: Shutting down and abandoning module GameplayTasksEditor (190)
[2017.11.08-08.16.19:799][585]LogModuleManager: Shutting down and abandoning module BehaviorTreeEditor (188)
[2017.11.08-08.16.19:799][585]LogModuleManager: Shutting down and abandoning module FunctionalTesting (186)
[2017.11.08-08.16.19:799][585]LogModuleManager: Shutting down and abandoning module CollisionAnalyzer (184)
[2017.11.08-08.16.19:799][585]LogModuleManager: Shutting down and abandoning module UMG (182)
[2017.11.08-08.16.19:799][585]LogModuleManager: Shutting down and abandoning module UMGEditor (181)
[2017.11.08-08.16.19:799][585]LogModuleManager: Shutting down and abandoning module Sequencer (180)
[2017.11.08-08.16.19:799][585]LogModuleManager: Shutting down and abandoning module AssetTools (178)
[2017.11.08-08.16.19:799][585]LogModuleManager: Shutting down and abandoning module MessageLog (177)
[2017.11.08-08.16.19:799][585]LogModuleManager: Shutting down and abandoning module WorkspaceMenuStructure (176)
[2017.11.08-08.16.19:799][585]LogModuleManager: Shutting down and abandoning module SlateReflector (170)
[2017.11.08-08.16.19:799][585]LogModuleManager: Shutting down and abandoning module Slate (168)
[2017.11.08-08.16.19:799][585]LogModuleManager: Shutting down and abandoning module EditorStyle (166)
[2017.11.08-08.16.19:802][585]LogModuleManager: Shutting down and abandoning module SourceCodeAccess (164)
[2017.11.08-08.16.19:802][585]LogModuleManager: Shutting down and abandoning module HeadMountedDisplay (162)
[2017.11.08-08.16.19:802][585]LogModuleManager: Shutting down and abandoning module XAudio2 (160)
[2017.11.08-08.16.19:802][585]LogModuleManager: Shutting down and abandoning module Networking (158)
[2017.11.08-08.16.19:802][585]LogModuleManager: Shutting down and abandoning module Core (154)
[2017.11.08-08.16.19:803][585]LogModuleManager: Shutting down and abandoning module AssetRegistry (152)
[2017.11.08-08.16.19:901][585]LogDirectoryWatcher: A directory notification for '../../../Engine/Content/' was aborted.
[2017.11.08-08.16.19:901][585]LogDirectoryWatcher: A directory notification for '../../../../../B/ShooterGame/Content/' was aborted.
[2017.11.08-08.16.19:901][585]LogDirectoryWatcher: A directory notification for '../../../Engine/Plugins/2D/Paper2D/Content/' was aborted.
[2017.11.08-08.16.19:901][585]LogModuleManager: Shutting down and abandoning module DirectoryWatcher (151)
[2017.11.08-08.16.19:902][585]LogModuleManager: Shutting down and abandoning module KismetCompiler (148)
[2017.11.08-08.16.19:902][585]LogModuleManager: Shutting down and abandoning module PhysXFormats (146)
[2017.11.08-08.16.19:902][585]LogModuleManager: Shutting down and abandoning module MeshUtilities (144)
[2017.11.08-08.16.19:902][585]LogModuleManager: Shutting down and abandoning module SimplygonSwarm (143)
[2017.11.08-08.16.19:902][585]LogModuleManager: Shutting down and abandoning module SimplygonMeshReduction (141)
[2017.11.08-08.16.19:902][585]LogModuleManager: Shutting down and abandoning module QuadricMeshReduction (139)
[2017.11.08-08.16.19:902][585]LogModuleManager: Shutting down and abandoning module PropertyEditor (137)
[2017.11.08-08.16.19:902][585]LogModuleManager: Shutting down and abandoning module DerivedDataCache (134)
[2017.11.08-08.16.19:919][585]LogDerivedDataCache: Shutdown
[2017.11.08-08.16.19:919][585]LogModuleManager: Shutting down and abandoning module TargetPlatform (132)
[2017.11.08-08.16.19:919][585]LogModuleManager: Shutting down and abandoning module VulkanShaderFormat (131)
[2017.11.08-08.16.19:919][585]LogModuleManager: Shutting down and abandoning module ShaderFormatOpenGL (129)
[2017.11.08-08.16.19:919][585]LogModuleManager: Shutting down and abandoning module ShaderFormatD3D (127)
[2017.11.08-08.16.19:919][585]LogModuleManager: Shutting down and abandoning module MetalShaderFormat (125)
[2017.11.08-08.16.19:919][585]LogModuleManager: Shutting down and abandoning module TextureFormatUncompressed (123)
[2017.11.08-08.16.19:919][585]LogModuleManager: Shutting down and abandoning module TextureFormatPVR (121)
[2017.11.08-08.16.19:919][585]LogModuleManager: Shutting down and abandoning module TextureFormatDXT (119)
[2017.11.08-08.16.19:919][585]LogModuleManager: Shutting down and abandoning module TextureFormatIntelISPCTexComp (117)
[2017.11.08-08.16.19:919][585]LogModuleManager: Shutting down and abandoning module TextureFormatASTC (115)
[2017.11.08-08.16.19:919][585]LogModuleManager: Shutting down and abandoning module ImageWrapper (114)
[2017.11.08-08.16.19:919][585]LogModuleManager: Shutting down and abandoning module TextureFormatAndroid (111)
[2017.11.08-08.16.19:919][585]LogModuleManager: Shutting down and abandoning module AudioFormatOpus (109)
[2017.11.08-08.16.19:919][585]LogModuleManager: Shutting down and abandoning module AudioFormatOgg (107)
[2017.11.08-08.16.19:919][585]LogModuleManager: Shutting down and abandoning module AudioFormatADPCM (105)
[2017.11.08-08.16.19:919][585]LogModuleManager: Shutting down and abandoning module LinuxTargetPlatform (103)
[2017.11.08-08.16.19:919][585]LogModuleManager: Shutting down and abandoning module LinuxServerTargetPlatform (101)
[2017.11.08-08.16.19:919][585]LogModuleManager: Shutting down and abandoning module LinuxNoEditorTargetPlatform (99)
[2017.11.08-08.16.19:919][585]LogModuleManager: Shutting down and abandoning module LinuxClientTargetPlatform (97)
[2017.11.08-08.16.19:919][585]LogModuleManager: Shutting down and abandoning module TVOSTargetPlatform (95)
[2017.11.08-08.16.19:919][585]LogModuleManager: Shutting down and abandoning module Messaging (93)
[2017.11.08-08.16.19:919][585]LogModuleManager: Shutting down and abandoning module IOSTargetPlatform (91)
[2017.11.08-08.16.19:919][585]LogModuleManager: Shutting down and abandoning module HTML5TargetPlatform (89)
[2017.11.08-08.16.19:919][585]LogModuleManager: Shutting down and abandoning module Android_PVRTCTargetPlatform (87)
[2017.11.08-08.16.19:919][585]LogModuleManager: Shutting down and abandoning module Android_MultiTargetPlatform (85)
[2017.11.08-08.16.19:919][585]LogModuleManager: Shutting down and abandoning module Android_ETC2TargetPlatform (83)
[2017.11.08-08.16.19:919][585]LogModuleManager: Shutting down and abandoning module Android_ETC1TargetPlatform (81)
[2017.11.08-08.16.19:919][585]LogModuleManager: Shutting down and abandoning module Android_DXTTargetPlatform (79)
[2017.11.08-08.16.19:919][585]LogModuleManager: Shutting down and abandoning module Android_ATCTargetPlatform (77)
[2017.11.08-08.16.19:919][585]LogModuleManager: Shutting down and abandoning module Android_ASTCTargetPlatform (75)
[2017.11.08-08.16.19:919][585]LogModuleManager: Shutting down and abandoning module AndroidTargetPlatform (73)
[2017.11.08-08.16.19:919][585]LogModuleManager: Shutting down and abandoning module WindowsTargetPlatform (71)
[2017.11.08-08.16.19:919][585]LogModuleManager: Shutting down and abandoning module WindowsServerTargetPlatform (69)
[2017.11.08-08.16.19:919][585]LogModuleManager: Shutting down and abandoning module WindowsNoEditorTargetPlatform (67)
[2017.11.08-08.16.19:919][585]LogModuleManager: Shutting down and abandoning module WindowsClientTargetPlatform (65)
[2017.11.08-08.16.19:919][585]LogModuleManager: Shutting down and abandoning module MacTargetPlatform (63)
[2017.11.08-08.16.19:919][585]LogModuleManager: Shutting down and abandoning module MacServerTargetPlatform (61)
[2017.11.08-08.16.19:919][585]LogModuleManager: Shutting down and abandoning module MacNoEditorTargetPlatform (59)
[2017.11.08-08.16.19:919][585]LogModuleManager: Shutting down and abandoning module MacClientTargetPlatform (57)
[2017.11.08-08.16.19:919][585]LogModuleManager: Shutting down and abandoning module AllDesktopTargetPlatform (55)
[2017.11.08-08.16.19:919][585]LogModuleManager: Shutting down and abandoning module InputCore (52)
[2017.11.08-08.16.19:919][585]LogModuleManager: Shutting down and abandoning module Settings (50)
[2017.11.08-08.16.19:919][585]LogModuleManager: Shutting down and abandoning module OculusRift (48)
[2017.11.08-08.16.19:919][585]LogModuleManager: Shutting down and abandoning module GearVR (46)
[2017.11.08-08.16.19:919][585]LogModuleManager: Shutting down and abandoning module ExampleDeviceProfileSelector (44)
[2017.11.08-08.16.19:919][585]LogModuleManager: Shutting down and abandoning module OnlineBlueprintSupport (42)
[2017.11.08-08.16.19:919][585]LogModuleManager: Shutting down and abandoning module OnlineSubsystem (38)
[2017.11.08-08.16.19:919][585]LogOnline:Display: Unloading online subsystem: NULL
[2017.11.08-08.16.19:919][585]LogModuleManager: Shutting down and abandoning module XMPP (37)
[2017.11.08-08.16.19:919][585]LogModuleManager: Shutting down and abandoning module HTTP (35)
[2017.11.08-08.16.19:919][585]LogHttp:Display: Http module shutting down, but needs to wait on 1 outstanding Http requests:
[2017.11.08-08.16.19:919][585]LogHttp:Display: 	verb=[POST] url=[https://datarouter.ol.epicgames.com/datarouter/api/v1/public/data?SessionID=%7B70B1B478-4CA3-FA44-6FC4-AEA71CA5E2C6%7D&AppID=UEEditor.Rocket.Release&AppVersion=4.15.3-3450819%2B%2B%2BUE4%2BRelease-4.15&UserID=3ee694de47e998fa0f3e06963337f68f%7C5ecc0464005d477f8ab7505b930f3c46%7C77894c74-0e9e-426a-9c8f-5cc9198b70f8&AppEnvironment=datacollector-binary&UploadType=eteventstream] status=Processing
[2017.11.08-08.16.19:944][585]LogModuleManager: Shutting down and abandoning module SSL (34)
[2017.11.08-08.16.19:946][585]LogModuleManager: Shutting down and abandoning module AudioEditor (30)
[2017.11.08-08.16.19:946][585]LogModuleManager: Shutting down and abandoning module TextureCompressor (28)
[2017.11.08-08.16.19:946][585]LogModuleManager: Shutting down and abandoning module ShaderCore (26)
[2017.11.08-08.16.19:946][585]LogModuleManager: Shutting down and abandoning module Landscape (24)
[2017.11.08-08.16.19:946][585]LogModuleManager: Shutting down and abandoning module SlateRHIRenderer (22)
[2017.11.08-08.16.19:948][585]LogModuleManager: Shutting down and abandoning module OpenGLDrv (20)
[2017.11.08-08.16.19:948][585]LogModuleManager: Shutting down and abandoning module D3D11RHI (18)
[2017.11.08-08.16.19:948][585]LogModuleManager: Shutting down and abandoning module AnimGraphRuntime (16)
[2017.11.08-08.16.19:948][585]LogModuleManager: Shutting down and abandoning module Renderer (14)
[2017.11.08-08.16.19:948][585]LogModuleManager: Shutting down and abandoning module Engine (12)
[2017.11.08-08.16.19:948][585]LogModuleManager: Shutting down and abandoning module CoreUObject (10)
[2017.11.08-08.16.19:948][585]LogModuleManager: Shutting down and abandoning module NetworkFile (8)
[2017.11.08-08.16.19:948][585]LogModuleManager: Shutting down and abandoning module StreamingFile (6)
[2017.11.08-08.16.19:948][585]LogModuleManager: Shutting down and abandoning module SandboxFile (4)
[2017.11.08-08.16.19:948][585]LogModuleManager: Shutting down and abandoning module PakFile (2)
[2017.11.08-08.16.19:950][585]LogExit: Exiting.
[2017.11.08-08.16.19:961][585]Log file closed, 11/08/17 02:16:19
